<?xml version="1.0" encoding="UTF-8"?>
<!-- Generated by org.testng.reporters.JUnitReportReporter -->
<testsuite hostname="WhiteDevil" failures="0" tests="1" name="com.sample.Sample" time="11.779" errors="0" timestamp="2022-06-03T03:25:43 IST" skipped="0">
  <testcase classname="com.sample.Sample" name="login" time="11.779"/>
  <system-out/>
</testsuite> <!-- com.sample.Sample -->
